<?xml version="1.0" encoding="UTF-8"?>
<!-- Generated by org.testng.reporters.JUnitReportReporter -->
<testsuite hostname="DESKTOP-6JMLCG2" failures="0" tests="1" name="demoProject.test_class" time="2.717" errors="0" timestamp="2021-12-22T20:42:04 IST" skipped="0">
  <testcase classname="demoProject.test_class" name="test_01" time="2.717"/>
  <system-out/>
</testsuite> <!-- demoProject.test_class -->
